Using pre-set license
Built from '2020.3/staging' branch; Version is '2020.3.25f1 (9b9180224418) revision 10195328'; Using compiler version '192528614'; Build Type 'Release'
OS: 'Windows 11  (10.0.22000) 64bit Professional' Language: 'ru' Physical Memory: 16260 MB
BatchMode: 1, IsHumanControllingUs: 0, StartBugReporterOnCrash: 0, Is64bit: 1, IsPro: 0

COMMAND LINE ARGUMENTS:
C:\Program Files\Unity\Hub\Editor\2020.3.25f1\Editor\Unity.exe
-adb2
-batchMode
-noUpm
-name
AssetImportWorker0
-projectPath
E:/Projects/GitHub projects/MyFarm
-logFile
Logs/AssetImportWorker0.log
-srvPort
59080
Successfully changed project path to: E:/Projects/GitHub projects/MyFarm
E:/Projects/GitHub projects/MyFarm
Using Asset Import Pipeline V2.
Refreshing native plugins compatible for Editor in 48.74 ms, found 2 plugins.
Preloading 0 native plugins for Editor in 0.00 ms.
Initialize engine version: 2020.3.25f1 (9b9180224418)
[Subsystems] Discovering subsystems at path C:/Program Files/Unity/Hub/Editor/2020.3.25f1/Editor/Data/Resources/UnitySubsystems
[Subsystems] Discovering subsystems at path E:/Projects/GitHub projects/MyFarm/Assets
GfxDevice: creating device client; threaded=0
Direct3D:
    Version:  Direct3D 11.0 [level 11.1]
    Renderer: NVIDIA GeForce RTX 2070 (ID=0x1f02)
    Vendor:   
    VRAM:     8031 MB
    Driver:   30.0.15.1215
Initialize mono
Mono path[0] = 'C:/Program Files/Unity/Hub/Editor/2020.3.25f1/Editor/Data/Managed'
Mono path[1] = 'C:/Program Files/Unity/Hub/Editor/2020.3.25f1/Editor/Data/MonoBleedingEdge/lib/mono/unityjit'
Mono config path = 'C:/Program Files/Unity/Hub/Editor/2020.3.25f1/Editor/Data/MonoBleedingEdge/etc'
Using monoOptions --debugger-agent=transport=dt_socket,embedding=1,server=y,suspend=n,address=127.0.0.1:56984
Begin MonoManager ReloadAssembly
Registering precompiled unity dll's ...
Register platform support module: C:/Program Files/Unity/Hub/Editor/2020.3.25f1/Editor/Data/PlaybackEngines/WindowsStandaloneSupport/UnityEditor.WindowsStandalone.Extensions.dll
Registered in 0.001347 seconds.
Native extension for WindowsStandalone target not found
Refreshing native plugins compatible for Editor in 35.46 ms, found 2 plugins.
Preloading 0 native plugins for Editor in 0.00 ms.
Mono: successfully reloaded assembly
- Completed reload, in  0.705 seconds
Domain Reload Profiling:
	ReloadAssembly (705ms)
		BeginReloadAssembly (58ms)
			ExecutionOrderSort (0ms)
			DisableScriptedObjects (0ms)
			BackupInstance (0ms)
			ReleaseScriptingObjects (0ms)
			CreateAndSetChildDomain (1ms)
		EndReloadAssembly (564ms)
			LoadAssemblies (58ms)
			RebuildTransferFunctionScriptingTraits (0ms)
			SetupTypeCache (202ms)
			ReleaseScriptCaches (0ms)
			RebuildScriptCaches (43ms)
			SetupLoadedEditorAssemblies (193ms)
				LogAssemblyErrors (0ms)
				InitializePlatformSupportModulesInManaged (6ms)
				SetLoadedEditorAssemblies (1ms)
				RefreshPlugins (36ms)
				BeforeProcessingInitializeOnLoad (19ms)
				ProcessInitializeOnLoadAttributes (99ms)
				ProcessInitializeOnLoadMethodAttributes (32ms)
				AfterProcessingInitializeOnLoad (0ms)
				EditorAssembliesLoaded (0ms)
			ExecutionOrderSort2 (0ms)
			AwakeInstancesAfterBackupRestoration (0ms)
Platform modules already initialized, skipping
Registering precompiled user dll's ...
Registered in 0.001834 seconds.
Begin MonoManager ReloadAssembly
Native extension for WindowsStandalone target not found
Refreshing native plugins compatible for Editor in 0.36 ms, found 2 plugins.
Preloading 0 native plugins for Editor in 0.00 ms.
Mono: successfully reloaded assembly
- Completed reload, in  1.146 seconds
Domain Reload Profiling:
	ReloadAssembly (1146ms)
		BeginReloadAssembly (167ms)
			ExecutionOrderSort (0ms)
			DisableScriptedObjects (7ms)
			BackupInstance (0ms)
			ReleaseScriptingObjects (0ms)
			CreateAndSetChildDomain (24ms)
		EndReloadAssembly (914ms)
			LoadAssemblies (97ms)
			RebuildTransferFunctionScriptingTraits (0ms)
			SetupTypeCache (329ms)
			ReleaseScriptCaches (0ms)
			RebuildScriptCaches (50ms)
			SetupLoadedEditorAssemblies (337ms)
				LogAssemblyErrors (0ms)
				InitializePlatformSupportModulesInManaged (6ms)
				SetLoadedEditorAssemblies (1ms)
				RefreshPlugins (0ms)
				BeforeProcessingInitializeOnLoad (88ms)
				ProcessInitializeOnLoadAttributes (226ms)
				ProcessInitializeOnLoadMethodAttributes (10ms)
				AfterProcessingInitializeOnLoad (5ms)
				EditorAssembliesLoaded (0ms)
			ExecutionOrderSort2 (0ms)
			AwakeInstancesAfterBackupRestoration (7ms)
Platform modules already initialized, skipping
========================================================================
Worker process is ready to serve import requests
Launched and connected shader compiler UnityShaderCompiler.exe after 0.05 seconds
Refreshing native plugins compatible for Editor in 0.38 ms, found 2 plugins.
Preloading 0 native plugins for Editor in 0.00 ms.
Unloading 1507 Unused Serialized files (Serialized files now loaded: 0)
System memory in use before: 68.9 MB.
System memory in use after: 69.0 MB.

Unloading 16 unused Assets to reduce memory usage. Loaded Objects now: 1944.
Total: 4.606700 ms (FindLiveObjects: 0.428200 ms CreateObjectMapping: 0.304700 ms MarkObjects: 3.718000 ms  DeleteObjects: 0.154200 ms)

AssetImportParameters requested are different than current active one (requested -> active):
  custom:framework-win-MediaFoundation: 216162199b28c13a410421893ffa2e32 -> 
  custom:video-decoder-ogg-theora: a1e56fd34408186e4bbccfd4996cb3dc -> 
  custom:container-muxer-webm: aa71ff27fc2769a1b78a27578f13a17b -> 
  custom:container-demuxer-webm: 4f35f7cbe854078d1ac9338744f61a02 -> 
  custom:container-demuxer-ogg: 62fdf1f143b41e24485cea50d1cbac27 -> 
  custom:video-encoder-webm-vp8: eb34c28f22e8b96e1ab97ce403110664 -> 
  custom:video-decoder-webm-vp8: 9c59270c3fd7afecdb556c50c9e8de78 -> 
  custom:audio-decoder-ogg-vorbis: bf7c407c2cedff20999df2af8eb42d56 -> 
  custom:audio-encoder-webm-vorbis: bf7c407c2cedff20999df2af8eb42d56 -> 
========================================================================
Received Import Request.
  path: Assets/Prefab/Happy Idle.fbx
  artifactKey: Guid(8f2588f0d7315fd4cb2361093a77c2ee) Importer(815301076,1909f56bfc062723c751e8b465ee728b)
Start importing Assets/Prefab/Happy Idle.fbx using Guid(8f2588f0d7315fd4cb2361093a77c2ee) Importer(815301076,1909f56bfc062723c751e8b465ee728b)  -> (artifact id: 'b3af8302691f06f9e28e495768f88564') in 0.063572 seconds 
  Import took 0.068383 seconds .

========================================================================
Received Import Request.
  Time since last request: 11.523337 seconds.
  path: Assets/Prefab/Player
  artifactKey: Guid(da08bde5e60236f4fab124ab19c9bc14) Importer(815301076,1909f56bfc062723c751e8b465ee728b)
Start importing Assets/Prefab/Player using Guid(da08bde5e60236f4fab124ab19c9bc14) Importer(815301076,1909f56bfc062723c751e8b465ee728b)  -> (artifact id: '4861fda3218695d701cfd14ca5d910da') in 0.013206 seconds 
  Import took 0.016124 seconds .

========================================================================
Received Import Request.
  Time since last request: 11.906249 seconds.
  path: Assets/Prefab/treeS
  artifactKey: Guid(e529d5419d1ffe04f86d9d98d2fb9df0) Importer(815301076,1909f56bfc062723c751e8b465ee728b)
Start importing Assets/Prefab/treeS using Guid(e529d5419d1ffe04f86d9d98d2fb9df0) Importer(815301076,1909f56bfc062723c751e8b465ee728b)  -> (artifact id: '7a423a8b4b261663a4faee73226a085a') in 0.007290 seconds 
  Import took 0.009962 seconds .

========================================================================
Received Import Request.
  Time since last request: 5.564973 seconds.
  path: Assets/Prefab/birchTree 1.prefab
  artifactKey: Guid(740be2c79271f9b46bd766cdb0efc127) Importer(815301076,1909f56bfc062723c751e8b465ee728b)
Start importing Assets/Prefab/birchTree 1.prefab using Guid(740be2c79271f9b46bd766cdb0efc127) Importer(815301076,1909f56bfc062723c751e8b465ee728b)  -> (artifact id: '61d53534fa344186c872bb1691a0d60d') in 0.097074 seconds 
  Import took 0.101514 seconds .

========================================================================
Received Import Request.
  Time since last request: 0.000757 seconds.
  path: Assets/Prefab/birchTree_leafless 1.prefab
  artifactKey: Guid(c0ae388ff6f0ed1419f9770a37235269) Importer(815301076,1909f56bfc062723c751e8b465ee728b)
Start importing Assets/Prefab/birchTree_leafless 1.prefab using Guid(c0ae388ff6f0ed1419f9770a37235269) Importer(815301076,1909f56bfc062723c751e8b465ee728b)  -> (artifact id: 'e511403b05cbc4d8fd1ccedc57c43b48') in 0.022927 seconds 
  Import took 0.026854 seconds .

========================================================================
Received Import Request.
  Time since last request: 0.000309 seconds.
  path: Assets/Prefab/oakTree 1.prefab
  artifactKey: Guid(95751680f68d67d419ed6e2d2e379dc7) Importer(815301076,1909f56bfc062723c751e8b465ee728b)
Start importing Assets/Prefab/oakTree 1.prefab using Guid(95751680f68d67d419ed6e2d2e379dc7) Importer(815301076,1909f56bfc062723c751e8b465ee728b)  -> (artifact id: '91bedc4385d3117b94016ff2dbac77d4') in 0.026538 seconds 
  Import took 0.029698 seconds .

========================================================================
Received Import Request.
  Time since last request: 32.292897 seconds.
  path: Assets/Prefab/Trees
  artifactKey: Guid(e529d5419d1ffe04f86d9d98d2fb9df0) Importer(815301076,1909f56bfc062723c751e8b465ee728b)
Start importing Assets/Prefab/Trees using Guid(e529d5419d1ffe04f86d9d98d2fb9df0) Importer(815301076,1909f56bfc062723c751e8b465ee728b)  -> (artifact id: '8654ed5c7274a59af07bb59b55fa9fb8') in 0.007364 seconds 
  Import took 0.010877 seconds .

========================================================================
Received Import Request.
  Time since last request: 5.421774 seconds.
  path: Assets/Prefab/Fence
  artifactKey: Guid(31ed1665d27f373409cc84572ed21c63) Importer(815301076,1909f56bfc062723c751e8b465ee728b)
Start importing Assets/Prefab/Fence using Guid(31ed1665d27f373409cc84572ed21c63) Importer(815301076,1909f56bfc062723c751e8b465ee728b)  -> (artifact id: '579277723be47cacc6b0555b46b9ea01') in 0.005746 seconds 
  Import took 0.009154 seconds .

========================================================================
Received Import Request.
  Time since last request: 11.691399 seconds.
  path: Assets/Prefab/Rocks
  artifactKey: Guid(a2d36c68637f13844b979113ca739a0c) Importer(815301076,1909f56bfc062723c751e8b465ee728b)
Start importing Assets/Prefab/Rocks using Guid(a2d36c68637f13844b979113ca739a0c) Importer(815301076,1909f56bfc062723c751e8b465ee728b)  -> (artifact id: '4747cf612ffed12beaff3f607fa4a2d3') in 0.005414 seconds 
  Import took 0.009959 seconds .

========================================================================
Received Import Request.
  Time since last request: 271.363785 seconds.
  path: Assets/Prefab/Player/Silly Dancing.fbx
  artifactKey: Guid(7c2223599e003ae4d90b6cc74fbedd8f) Importer(815301076,1909f56bfc062723c751e8b465ee728b)
Start importing Assets/Prefab/Player/Silly Dancing.fbx using Guid(7c2223599e003ae4d90b6cc74fbedd8f) Importer(815301076,1909f56bfc062723c751e8b465ee728b)  -> (artifact id: '2688f6269ceaadef7b754efe4f671e78') in 0.013399 seconds 
  Import took 0.020393 seconds .

========================================================================
Received Import Request.
  Time since last request: 194.500891 seconds.
  path: Assets/Prefab/Player/Jog Forward.fbx
  artifactKey: Guid(60eacf9c567e8df4ca0611946d5cc749) Importer(815301076,1909f56bfc062723c751e8b465ee728b)
Start importing Assets/Prefab/Player/Jog Forward.fbx using Guid(60eacf9c567e8df4ca0611946d5cc749) Importer(815301076,1909f56bfc062723c751e8b465ee728b)  -> (artifact id: '97ecb40c68500e9765efa50e2c55ae09') in 0.011563 seconds 
  Import took 0.018849 seconds .

========================================================================
Received Import Request.
  Time since last request: 169.640098 seconds.
  path: Assets/Prefab/Player/Walking.fbx
  artifactKey: Guid(bbafbefab64d71a45b2a1c295fce5d11) Importer(815301076,1909f56bfc062723c751e8b465ee728b)
Start importing Assets/Prefab/Player/Walking.fbx using Guid(bbafbefab64d71a45b2a1c295fce5d11) Importer(815301076,1909f56bfc062723c751e8b465ee728b)  -> (artifact id: 'ffe1a9e09fb7c31a0efcf20885f4928c') in 0.012422 seconds 
  Import took 0.017090 seconds .

========================================================================
Received Import Request.
  Time since last request: 413.157901 seconds.
  path: Assets/Materials/LowPolyTreePack
  artifactKey: Guid(86fd7d7a59296ae49a3d3a7852c6f952) Importer(815301076,1909f56bfc062723c751e8b465ee728b)
Start importing Assets/Materials/LowPolyTreePack using Guid(86fd7d7a59296ae49a3d3a7852c6f952) Importer(815301076,1909f56bfc062723c751e8b465ee728b)  -> (artifact id: '79efdd76e3b07acfea17b01a2cfb83ad') in 0.007200 seconds 
  Import took 0.010503 seconds .

========================================================================
Received Import Request.
  Time since last request: 3.030816 seconds.
  path: Assets/Materials/LowPolyTreePack/Materials
  artifactKey: Guid(924b642ad1362f343aaa58fd97a526bc) Importer(815301076,1909f56bfc062723c751e8b465ee728b)
Start importing Assets/Materials/LowPolyTreePack/Materials using Guid(924b642ad1362f343aaa58fd97a526bc) Importer(815301076,1909f56bfc062723c751e8b465ee728b)  -> (artifact id: 'ab2873c2d93f192d01ed2edc3cf4ca63') in 0.005412 seconds 
  Import took 0.020997 seconds .

========================================================================
Received Import Request.
  Time since last request: 103.161456 seconds.
  path: Assets/Animations
  artifactKey: Guid(09c2d30984ba9ce46ab8efe909ddd76d) Importer(815301076,1909f56bfc062723c751e8b465ee728b)
Start importing Assets/Animations using Guid(09c2d30984ba9ce46ab8efe909ddd76d) Importer(815301076,1909f56bfc062723c751e8b465ee728b)  -> (artifact id: '719b1de8addb247a1e253979d6e1369f') in 0.004828 seconds 
  Import took 0.007943 seconds .

========================================================================
Received Import Request.
  Time since last request: 36.675533 seconds.
  path: Assets/Animations/CameraAnimContr.controller
  artifactKey: Guid(c1ef26c7d3163c24ba72a5b2414b4fa2) Importer(815301076,1909f56bfc062723c751e8b465ee728b)
Start importing Assets/Animations/CameraAnimContr.controller using Guid(c1ef26c7d3163c24ba72a5b2414b4fa2) Importer(815301076,1909f56bfc062723c751e8b465ee728b)  -> (artifact id: '5335ff500490c581cbba5c7fd4f2a7ae') in 0.009523 seconds 
  Import took 0.013051 seconds .

========================================================================
Received Import Request.
  Time since last request: 275.678015 seconds.
  path: Assets/Animations/Camera Clip.anim
  artifactKey: Guid(da8a3eb32471b484f8fbe5a73ef008bc) Importer(815301076,1909f56bfc062723c751e8b465ee728b)
Start importing Assets/Animations/Camera Clip.anim using Guid(da8a3eb32471b484f8fbe5a73ef008bc) Importer(815301076,1909f56bfc062723c751e8b465ee728b)  -> (artifact id: '3368e5df3970e2f2f7dd68285dbb3da6') in 0.011465 seconds 
  Import took 0.264501 seconds .

========================================================================
Received Import Request.
  Time since last request: 9.814142 seconds.
  path: Assets/Animations/Main Camera.controller
  artifactKey: Guid(1cbb498939141e44b89f6c64cdc7ab97) Importer(815301076,1909f56bfc062723c751e8b465ee728b)
Start importing Assets/Animations/Main Camera.controller using Guid(1cbb498939141e44b89f6c64cdc7ab97) Importer(815301076,1909f56bfc062723c751e8b465ee728b)  -> (artifact id: '92563f710462db8cbfa44714c31e1c55') in 0.006057 seconds 
  Import took 0.010501 seconds .

========================================================================
Received Prepare
Registering precompiled user dll's ...
Registered in 0.001760 seconds.
Begin MonoManager ReloadAssembly
Native extension for WindowsStandalone target not found
Refreshing native plugins compatible for Editor in 0.34 ms, found 2 plugins.
Preloading 0 native plugins for Editor in 0.00 ms.
Mono: successfully reloaded assembly
- Completed reload, in  0.951 seconds
Domain Reload Profiling:
	ReloadAssembly (952ms)
		BeginReloadAssembly (107ms)
			ExecutionOrderSort (0ms)
			DisableScriptedObjects (5ms)
			BackupInstance (0ms)
			ReleaseScriptingObjects (0ms)
			CreateAndSetChildDomain (31ms)
		EndReloadAssembly (786ms)
			LoadAssemblies (76ms)
			RebuildTransferFunctionScriptingTraits (0ms)
			SetupTypeCache (260ms)
			ReleaseScriptCaches (1ms)
			RebuildScriptCaches (44ms)
			SetupLoadedEditorAssemblies (300ms)
				LogAssemblyErrors (0ms)
				InitializePlatformSupportModulesInManaged (5ms)
				SetLoadedEditorAssemblies (1ms)
				RefreshPlugins (0ms)
				BeforeProcessingInitializeOnLoad (82ms)
				ProcessInitializeOnLoadAttributes (198ms)
				ProcessInitializeOnLoadMethodAttributes (10ms)
				AfterProcessingInitializeOnLoad (5ms)
				EditorAssembliesLoaded (0ms)
			ExecutionOrderSort2 (0ms)
			AwakeInstancesAfterBackupRestoration (7ms)
Platform modules already initialized, skipping
Switching build target platform(19) subTarget(0) extendedPlatform(0) -> platform(13) subTarget(537395200) extendedPlatform(0)
Refreshing native plugins compatible for Editor in 0.35 ms, found 2 plugins.
Preloading 0 native plugins for Editor in 0.00 ms.
Unloading 1504 Unused Serialized files (Serialized files now loaded: 0)
System memory in use before: 71.9 MB.
System memory in use after: 72.0 MB.

Unloading 11 unused Assets to reduce memory usage. Loaded Objects now: 1953.
Total: 2.500000 ms (FindLiveObjects: 0.128200 ms CreateObjectMapping: 0.054500 ms MarkObjects: 2.302000 ms  DeleteObjects: 0.014300 ms)

AssetImportParameters requested are different than current active one (requested -> active):
  custom:framework-win-MediaFoundation: 216162199b28c13a410421893ffa2e32 -> 
  custom:video-decoder-ogg-theora: a1e56fd34408186e4bbccfd4996cb3dc -> 
  custom:container-muxer-webm: aa71ff27fc2769a1b78a27578f13a17b -> 
  custom:container-demuxer-webm: 4f35f7cbe854078d1ac9338744f61a02 -> 
  custom:container-demuxer-ogg: 62fdf1f143b41e24485cea50d1cbac27 -> 
  custom:video-encoder-webm-vp8: eb34c28f22e8b96e1ab97ce403110664 -> 
  custom:video-decoder-webm-vp8: 9c59270c3fd7afecdb556c50c9e8de78 -> 
  custom:graphics/normal-map-encoding: 01000000000000000000000000000000 -> 02000000000000000000000000000000
  custom:audio-decoder-ogg-vorbis: bf7c407c2cedff20999df2af8eb42d56 -> 
  custom:audio-encoder-webm-vorbis: bf7c407c2cedff20999df2af8eb42d56 -> 
========================================================================
Received Import Request.
  Time since last request: 73.324560 seconds.
  path: Assets/Animations/PlayerController.controller
  artifactKey: Guid(cb0a64e1172e0f1498b8f2e998becae8) Importer(815301076,1909f56bfc062723c751e8b465ee728b)
Start importing Assets/Animations/PlayerController.controller using Guid(cb0a64e1172e0f1498b8f2e998becae8) Importer(815301076,1909f56bfc062723c751e8b465ee728b)  -> (artifact id: '29c4c8dcd411ab32a472e32ee77d77ba') in 0.018225 seconds 
  Import took 0.021229 seconds .

========================================================================
Received Prepare
Registering precompiled user dll's ...
Registered in 0.001710 seconds.
Begin MonoManager ReloadAssembly
Native extension for WindowsStandalone target not found
Refreshing native plugins compatible for Editor in 0.46 ms, found 2 plugins.
Preloading 0 native plugins for Editor in 0.00 ms.
Mono: successfully reloaded assembly
- Completed reload, in  0.962 seconds
Domain Reload Profiling:
	ReloadAssembly (962ms)
		BeginReloadAssembly (117ms)
			ExecutionOrderSort (0ms)
			DisableScriptedObjects (5ms)
			BackupInstance (0ms)
			ReleaseScriptingObjects (0ms)
			CreateAndSetChildDomain (39ms)
		EndReloadAssembly (783ms)
			LoadAssemblies (83ms)
			RebuildTransferFunctionScriptingTraits (0ms)
			SetupTypeCache (262ms)
			ReleaseScriptCaches (1ms)
			RebuildScriptCaches (44ms)
			SetupLoadedEditorAssemblies (289ms)
				LogAssemblyErrors (0ms)
				InitializePlatformSupportModulesInManaged (5ms)
				SetLoadedEditorAssemblies (1ms)
				RefreshPlugins (1ms)
				BeforeProcessingInitializeOnLoad (76ms)
				ProcessInitializeOnLoadAttributes (193ms)
				ProcessInitializeOnLoadMethodAttributes (9ms)
				AfterProcessingInitializeOnLoad (4ms)
				EditorAssembliesLoaded (0ms)
			ExecutionOrderSort2 (0ms)
			AwakeInstancesAfterBackupRestoration (7ms)
Platform modules already initialized, skipping
Switching build target platform(19) subTarget(0) extendedPlatform(0) -> platform(13) subTarget(537395200) extendedPlatform(0)
Refreshing native plugins compatible for Editor in 0.33 ms, found 2 plugins.
Preloading 0 native plugins for Editor in 0.00 ms.
Unloading 1504 Unused Serialized files (Serialized files now loaded: 0)
System memory in use before: 71.9 MB.
System memory in use after: 72.0 MB.

Unloading 11 unused Assets to reduce memory usage. Loaded Objects now: 1955.
Total: 2.490700 ms (FindLiveObjects: 0.115800 ms CreateObjectMapping: 0.043300 ms MarkObjects: 2.317700 ms  DeleteObjects: 0.013200 ms)

AssetImportParameters requested are different than current active one (requested -> active):
  custom:framework-win-MediaFoundation: 216162199b28c13a410421893ffa2e32 -> 
  custom:video-decoder-ogg-theora: a1e56fd34408186e4bbccfd4996cb3dc -> 
  custom:container-muxer-webm: aa71ff27fc2769a1b78a27578f13a17b -> 
  custom:container-demuxer-webm: 4f35f7cbe854078d1ac9338744f61a02 -> 
  custom:container-demuxer-ogg: 62fdf1f143b41e24485cea50d1cbac27 -> 
  custom:video-encoder-webm-vp8: eb34c28f22e8b96e1ab97ce403110664 -> 
  custom:video-decoder-webm-vp8: 9c59270c3fd7afecdb556c50c9e8de78 -> 
  custom:graphics/normal-map-encoding: 01000000000000000000000000000000 -> 02000000000000000000000000000000
  custom:audio-decoder-ogg-vorbis: bf7c407c2cedff20999df2af8eb42d56 -> 
  custom:audio-encoder-webm-vorbis: bf7c407c2cedff20999df2af8eb42d56 -> 
========================================================================
Received Import Request.
  Time since last request: 213.858065 seconds.
  path: Assets/Prefab/Player/Jog Forward.fbx
  artifactKey: Guid(60eacf9c567e8df4ca0611946d5cc749) Importer(815301076,1909f56bfc062723c751e8b465ee728b)
Start importing Assets/Prefab/Player/Jog Forward.fbx using Guid(60eacf9c567e8df4ca0611946d5cc749) Importer(815301076,1909f56bfc062723c751e8b465ee728b)  -> (artifact id: 'd2213fa6f667b45db269ee70f02d98f2') in 0.033662 seconds 
  Import took 0.053380 seconds .

========================================================================
Received Import Request.
  Time since last request: 2.442740 seconds.
  path: Assets/Prefab/Player/Silly Dancing.fbx
  artifactKey: Guid(7c2223599e003ae4d90b6cc74fbedd8f) Importer(815301076,1909f56bfc062723c751e8b465ee728b)
Start importing Assets/Prefab/Player/Silly Dancing.fbx using Guid(7c2223599e003ae4d90b6cc74fbedd8f) Importer(815301076,1909f56bfc062723c751e8b465ee728b)  -> (artifact id: '2c8bc896d6e692971a36b72dd1efe6fd') in 0.007984 seconds 
  Import took 0.011541 seconds .

========================================================================
Received Prepare
Registering precompiled user dll's ...
Registered in 0.001769 seconds.
Begin MonoManager ReloadAssembly
Native extension for WindowsStandalone target not found
Refreshing native plugins compatible for Editor in 0.39 ms, found 2 plugins.
Preloading 0 native plugins for Editor in 0.00 ms.
Mono: successfully reloaded assembly
- Completed reload, in  1.041 seconds
Domain Reload Profiling:
	ReloadAssembly (1041ms)
		BeginReloadAssembly (101ms)
			ExecutionOrderSort (0ms)
			DisableScriptedObjects (5ms)
			BackupInstance (0ms)
			ReleaseScriptingObjects (0ms)
			CreateAndSetChildDomain (31ms)
		EndReloadAssembly (873ms)
			LoadAssemblies (80ms)
			RebuildTransferFunctionScriptingTraits (0ms)
			SetupTypeCache (282ms)
			ReleaseScriptCaches (1ms)
			RebuildScriptCaches (49ms)
			SetupLoadedEditorAssemblies (331ms)
				LogAssemblyErrors (0ms)
				InitializePlatformSupportModulesInManaged (6ms)
				SetLoadedEditorAssemblies (1ms)
				RefreshPlugins (0ms)
				BeforeProcessingInitializeOnLoad (84ms)
				ProcessInitializeOnLoadAttributes (225ms)
				ProcessInitializeOnLoadMethodAttributes (10ms)
				AfterProcessingInitializeOnLoad (5ms)
				EditorAssembliesLoaded (0ms)
			ExecutionOrderSort2 (0ms)
			AwakeInstancesAfterBackupRestoration (8ms)
Platform modules already initialized, skipping
Switching build target platform(19) subTarget(0) extendedPlatform(0) -> platform(13) subTarget(537395200) extendedPlatform(0)
Refreshing native plugins compatible for Editor in 0.45 ms, found 2 plugins.
Preloading 0 native plugins for Editor in 0.00 ms.
Unloading 1504 Unused Serialized files (Serialized files now loaded: 0)
System memory in use before: 71.9 MB.
System memory in use after: 72.0 MB.

Unloading 11 unused Assets to reduce memory usage. Loaded Objects now: 1957.
Total: 3.453400 ms (FindLiveObjects: 0.170800 ms CreateObjectMapping: 0.051900 ms MarkObjects: 3.210900 ms  DeleteObjects: 0.018300 ms)

AssetImportParameters requested are different than current active one (requested -> active):
  custom:framework-win-MediaFoundation: 216162199b28c13a410421893ffa2e32 -> 
  custom:video-decoder-ogg-theora: a1e56fd34408186e4bbccfd4996cb3dc -> 
  custom:container-muxer-webm: aa71ff27fc2769a1b78a27578f13a17b -> 
  custom:container-demuxer-webm: 4f35f7cbe854078d1ac9338744f61a02 -> 
  custom:container-demuxer-ogg: 62fdf1f143b41e24485cea50d1cbac27 -> 
  custom:video-encoder-webm-vp8: eb34c28f22e8b96e1ab97ce403110664 -> 
  custom:video-decoder-webm-vp8: 9c59270c3fd7afecdb556c50c9e8de78 -> 
  custom:graphics/normal-map-encoding: 01000000000000000000000000000000 -> 02000000000000000000000000000000
  custom:audio-decoder-ogg-vorbis: bf7c407c2cedff20999df2af8eb42d56 -> 
  custom:audio-encoder-webm-vorbis: bf7c407c2cedff20999df2af8eb42d56 -> 
========================================================================
Received Import Request.
  Time since last request: 17.121502 seconds.
  path: Assets/Prefab/Player/Walking.fbx
  artifactKey: Guid(bbafbefab64d71a45b2a1c295fce5d11) Importer(815301076,1909f56bfc062723c751e8b465ee728b)
Start importing Assets/Prefab/Player/Walking.fbx using Guid(bbafbefab64d71a45b2a1c295fce5d11) Importer(815301076,1909f56bfc062723c751e8b465ee728b)  -> (artifact id: '65f0a0be090e8ce6981c7f7484987530') in 0.030570 seconds 
  Import took 0.033550 seconds .

========================================================================
Received Import Request.
  Time since last request: 26.160982 seconds.
  path: Assets/Prefab/Player/Happy Idle.fbx
  artifactKey: Guid(8f2588f0d7315fd4cb2361093a77c2ee) Importer(815301076,1909f56bfc062723c751e8b465ee728b)
Start importing Assets/Prefab/Player/Happy Idle.fbx using Guid(8f2588f0d7315fd4cb2361093a77c2ee) Importer(815301076,1909f56bfc062723c751e8b465ee728b)  -> (artifact id: '8151aa782ab5b14b1c1c4a4d7e0650f2') in 0.007293 seconds 
  Import took 0.120093 seconds .

========================================================================
Received Prepare
Registering precompiled user dll's ...
Registered in 0.001736 seconds.
Begin MonoManager ReloadAssembly
Native extension for WindowsStandalone target not found
Refreshing native plugins compatible for Editor in 0.34 ms, found 2 plugins.
Preloading 0 native plugins for Editor in 0.00 ms.
Mono: successfully reloaded assembly
- Completed reload, in  0.963 seconds
Domain Reload Profiling:
	ReloadAssembly (963ms)
		BeginReloadAssembly (106ms)
			ExecutionOrderSort (0ms)
			DisableScriptedObjects (5ms)
			BackupInstance (0ms)
			ReleaseScriptingObjects (0ms)
			CreateAndSetChildDomain (32ms)
		EndReloadAssembly (799ms)
			LoadAssemblies (81ms)
			RebuildTransferFunctionScriptingTraits (0ms)
			SetupTypeCache (263ms)
			ReleaseScriptCaches (1ms)
			RebuildScriptCaches (45ms)
			SetupLoadedEditorAssemblies (292ms)
				LogAssemblyErrors (0ms)
				InitializePlatformSupportModulesInManaged (5ms)
				SetLoadedEditorAssemblies (0ms)
				RefreshPlugins (0ms)
				BeforeProcessingInitializeOnLoad (77ms)
				ProcessInitializeOnLoadAttributes (196ms)
				ProcessInitializeOnLoadMethodAttributes (9ms)
				AfterProcessingInitializeOnLoad (4ms)
				EditorAssembliesLoaded (0ms)
			ExecutionOrderSort2 (0ms)
			AwakeInstancesAfterBackupRestoration (7ms)
Platform modules already initialized, skipping
Switching build target platform(19) subTarget(0) extendedPlatform(0) -> platform(13) subTarget(537395200) extendedPlatform(0)
Refreshing native plugins compatible for Editor in 0.33 ms, found 2 plugins.
Preloading 0 native plugins for Editor in 0.00 ms.
Unloading 1504 Unused Serialized files (Serialized files now loaded: 0)
System memory in use before: 71.9 MB.
System memory in use after: 72.0 MB.

Unloading 11 unused Assets to reduce memory usage. Loaded Objects now: 1959.
Total: 2.775300 ms (FindLiveObjects: 0.126100 ms CreateObjectMapping: 0.043300 ms MarkObjects: 2.589800 ms  DeleteObjects: 0.015200 ms)

AssetImportParameters requested are different than current active one (requested -> active):
  custom:framework-win-MediaFoundation: 216162199b28c13a410421893ffa2e32 -> 
  custom:video-decoder-ogg-theora: a1e56fd34408186e4bbccfd4996cb3dc -> 
  custom:container-muxer-webm: aa71ff27fc2769a1b78a27578f13a17b -> 
  custom:container-demuxer-webm: 4f35f7cbe854078d1ac9338744f61a02 -> 
  custom:container-demuxer-ogg: 62fdf1f143b41e24485cea50d1cbac27 -> 
  custom:video-encoder-webm-vp8: eb34c28f22e8b96e1ab97ce403110664 -> 
  custom:video-decoder-webm-vp8: 9c59270c3fd7afecdb556c50c9e8de78 -> 
  custom:graphics/normal-map-encoding: 01000000000000000000000000000000 -> 02000000000000000000000000000000
  custom:audio-decoder-ogg-vorbis: bf7c407c2cedff20999df2af8eb42d56 -> 
  custom:audio-encoder-webm-vorbis: bf7c407c2cedff20999df2af8eb42d56 -> 
========================================================================
Received Import Request.
  Time since last request: 277.914145 seconds.
  path: Assets/Prefab/Player/Neutral Idle.fbx
  artifactKey: Guid(96a86ae8c93f62943aee1cdcccbb0ab0) Importer(815301076,1909f56bfc062723c751e8b465ee728b)
Start importing Assets/Prefab/Player/Neutral Idle.fbx using Guid(96a86ae8c93f62943aee1cdcccbb0ab0) Importer(815301076,1909f56bfc062723c751e8b465ee728b)  -> (artifact id: 'cee1c949d09ce898c0ca95bdecfe3c49') in 0.321216 seconds 
  Import took 0.332844 seconds .

========================================================================
Received Import Request.
  Time since last request: 40.427188 seconds.
  path: Assets/Prefab/Player/Neutral Idle.fbx
  artifactKey: Guid(96a86ae8c93f62943aee1cdcccbb0ab0) Importer(815301076,1909f56bfc062723c751e8b465ee728b)
Start importing Assets/Prefab/Player/Neutral Idle.fbx using Guid(96a86ae8c93f62943aee1cdcccbb0ab0) Importer(815301076,1909f56bfc062723c751e8b465ee728b)  -> (artifact id: 'ae062857c02a3bef89a7440d85993e40') in 0.006625 seconds 
  Import took 0.010354 seconds .

========================================================================
Received Import Request.
  Time since last request: 9.721364 seconds.
  path: Assets/Prefab/Player/Neutral Idle.fbx
  artifactKey: Guid(96a86ae8c93f62943aee1cdcccbb0ab0) Importer(815301076,1909f56bfc062723c751e8b465ee728b)
Start importing Assets/Prefab/Player/Neutral Idle.fbx using Guid(96a86ae8c93f62943aee1cdcccbb0ab0) Importer(815301076,1909f56bfc062723c751e8b465ee728b)  -> (artifact id: 'ec2a2d0edd57dcc27bfa873711d571bc') in 0.008022 seconds 
  Import took 0.011755 seconds .

========================================================================
Received Prepare
Registering precompiled user dll's ...
Registered in 0.001688 seconds.
Begin MonoManager ReloadAssembly
Native extension for WindowsStandalone target not found
Refreshing native plugins compatible for Editor in 0.36 ms, found 2 plugins.
Preloading 0 native plugins for Editor in 0.00 ms.
Mono: successfully reloaded assembly
- Completed reload, in  0.970 seconds
Domain Reload Profiling:
	ReloadAssembly (970ms)
		BeginReloadAssembly (113ms)
			ExecutionOrderSort (0ms)
			DisableScriptedObjects (4ms)
			BackupInstance (0ms)
			ReleaseScriptingObjects (0ms)
			CreateAndSetChildDomain (31ms)
		EndReloadAssembly (795ms)
			LoadAssemblies (80ms)
			RebuildTransferFunctionScriptingTraits (0ms)
			SetupTypeCache (254ms)
			ReleaseScriptCaches (1ms)
			RebuildScriptCaches (43ms)
			SetupLoadedEditorAssemblies (296ms)
				LogAssemblyErrors (0ms)
				InitializePlatformSupportModulesInManaged (5ms)
				SetLoadedEditorAssemblies (1ms)
				RefreshPlugins (0ms)
				BeforeProcessingInitializeOnLoad (77ms)
				ProcessInitializeOnLoadAttributes (199ms)
				ProcessInitializeOnLoadMethodAttributes (9ms)
				AfterProcessingInitializeOnLoad (4ms)
				EditorAssembliesLoaded (0ms)
			ExecutionOrderSort2 (0ms)
			AwakeInstancesAfterBackupRestoration (7ms)
Platform modules already initialized, skipping
Switching build target platform(19) subTarget(0) extendedPlatform(0) -> platform(13) subTarget(537395200) extendedPlatform(0)
Refreshing native plugins compatible for Editor in 0.35 ms, found 2 plugins.
Preloading 0 native plugins for Editor in 0.00 ms.
Unloading 1504 Unused Serialized files (Serialized files now loaded: 0)
System memory in use before: 85.9 MB.
System memory in use after: 86.0 MB.

Unloading 11 unused Assets to reduce memory usage. Loaded Objects now: 1999.
Total: 2.794000 ms (FindLiveObjects: 0.128400 ms CreateObjectMapping: 0.045700 ms MarkObjects: 2.604000 ms  DeleteObjects: 0.014600 ms)

AssetImportParameters requested are different than current active one (requested -> active):
  custom:framework-win-MediaFoundation: 216162199b28c13a410421893ffa2e32 -> 
  custom:video-decoder-ogg-theora: a1e56fd34408186e4bbccfd4996cb3dc -> 
  custom:container-muxer-webm: aa71ff27fc2769a1b78a27578f13a17b -> 
  custom:container-demuxer-webm: 4f35f7cbe854078d1ac9338744f61a02 -> 
  custom:container-demuxer-ogg: 62fdf1f143b41e24485cea50d1cbac27 -> 
  custom:video-encoder-webm-vp8: eb34c28f22e8b96e1ab97ce403110664 -> 
  custom:video-decoder-webm-vp8: 9c59270c3fd7afecdb556c50c9e8de78 -> 
  custom:graphics/normal-map-encoding: 01000000000000000000000000000000 -> 02000000000000000000000000000000
  custom:audio-decoder-ogg-vorbis: bf7c407c2cedff20999df2af8eb42d56 -> 
  custom:audio-encoder-webm-vorbis: bf7c407c2cedff20999df2af8eb42d56 -> 
========================================================================
Received Import Request.
  Time since last request: 568.432362 seconds.
  path: Assets/Prefab/Player/Sitting Idle.fbx
  artifactKey: Guid(a75d0ce21b6645c4fb3a6fd490749154) Importer(815301076,1909f56bfc062723c751e8b465ee728b)
Start importing Assets/Prefab/Player/Sitting Idle.fbx using Guid(a75d0ce21b6645c4fb3a6fd490749154) Importer(815301076,1909f56bfc062723c751e8b465ee728b)  -> (artifact id: 'ef934491f67c3030f2be31000cf2fb6c') in 0.040901 seconds 
  Import took 0.045659 seconds .

========================================================================
Received Import Request.
  Time since last request: 6.414945 seconds.
  path: Assets/Prefab/Player/Sitting Idle.fbx
  artifactKey: Guid(a75d0ce21b6645c4fb3a6fd490749154) Importer(815301076,1909f56bfc062723c751e8b465ee728b)
Start importing Assets/Prefab/Player/Sitting Idle.fbx using Guid(a75d0ce21b6645c4fb3a6fd490749154) Importer(815301076,1909f56bfc062723c751e8b465ee728b)  -> (artifact id: '7e0abcb7e944c788e838b0f90f9efb3f') in 0.005339 seconds 
  Import took 0.009240 seconds .

========================================================================
Received Prepare
Registering precompiled user dll's ...
Registered in 0.001785 seconds.
Begin MonoManager ReloadAssembly
Native extension for WindowsStandalone target not found
Refreshing native plugins compatible for Editor in 0.34 ms, found 2 plugins.
Preloading 0 native plugins for Editor in 0.00 ms.
Mono: successfully reloaded assembly
- Completed reload, in  0.972 seconds
Domain Reload Profiling:
	ReloadAssembly (972ms)
		BeginReloadAssembly (98ms)
			ExecutionOrderSort (0ms)
			DisableScriptedObjects (5ms)
			BackupInstance (0ms)
			ReleaseScriptingObjects (0ms)
			CreateAndSetChildDomain (29ms)
		EndReloadAssembly (816ms)
			LoadAssemblies (76ms)
			RebuildTransferFunctionScriptingTraits (0ms)
			SetupTypeCache (259ms)
			ReleaseScriptCaches (1ms)
			RebuildScriptCaches (51ms)
			SetupLoadedEditorAssemblies (302ms)
				LogAssemblyErrors (0ms)
				InitializePlatformSupportModulesInManaged (5ms)
				SetLoadedEditorAssemblies (1ms)
				RefreshPlugins (0ms)
				BeforeProcessingInitializeOnLoad (78ms)
				ProcessInitializeOnLoadAttributes (205ms)
				ProcessInitializeOnLoadMethodAttributes (9ms)
				AfterProcessingInitializeOnLoad (5ms)
				EditorAssembliesLoaded (0ms)
			ExecutionOrderSort2 (0ms)
			AwakeInstancesAfterBackupRestoration (7ms)
Platform modules already initialized, skipping
Switching build target platform(19) subTarget(0) extendedPlatform(0) -> platform(13) subTarget(537395200) extendedPlatform(0)
Refreshing native plugins compatible for Editor in 0.36 ms, found 2 plugins.
Preloading 0 native plugins for Editor in 0.00 ms.
Unloading 1504 Unused Serialized files (Serialized files now loaded: 0)
System memory in use before: 85.9 MB.
System memory in use after: 86.0 MB.

Unloading 11 unused Assets to reduce memory usage. Loaded Objects now: 2001.
Total: 2.595000 ms (FindLiveObjects: 0.123800 ms CreateObjectMapping: 0.045200 ms MarkObjects: 2.411300 ms  DeleteObjects: 0.013900 ms)

AssetImportParameters requested are different than current active one (requested -> active):
  custom:framework-win-MediaFoundation: 216162199b28c13a410421893ffa2e32 -> 
  custom:video-decoder-ogg-theora: a1e56fd34408186e4bbccfd4996cb3dc -> 
  custom:container-muxer-webm: aa71ff27fc2769a1b78a27578f13a17b -> 
  custom:container-demuxer-webm: 4f35f7cbe854078d1ac9338744f61a02 -> 
  custom:container-demuxer-ogg: 62fdf1f143b41e24485cea50d1cbac27 -> 
  custom:video-encoder-webm-vp8: eb34c28f22e8b96e1ab97ce403110664 -> 
  custom:video-decoder-webm-vp8: 9c59270c3fd7afecdb556c50c9e8de78 -> 
  custom:graphics/normal-map-encoding: 01000000000000000000000000000000 -> 02000000000000000000000000000000
  custom:audio-decoder-ogg-vorbis: bf7c407c2cedff20999df2af8eb42d56 -> 
  custom:audio-encoder-webm-vorbis: bf7c407c2cedff20999df2af8eb42d56 -> 
========================================================================
Received Import Request.
  Time since last request: 52.437879 seconds.
  path: Assets/Animations/MenuPlayerController.controller
  artifactKey: Guid(49dcb1b3285fb9a4d8e5dcd1c1971e9d) Importer(815301076,1909f56bfc062723c751e8b465ee728b)
Start importing Assets/Animations/MenuPlayerController.controller using Guid(49dcb1b3285fb9a4d8e5dcd1c1971e9d) Importer(815301076,1909f56bfc062723c751e8b465ee728b)  -> (artifact id: 'c157b2441bf4f6b50ea1e2bbca89df8d') in 0.015488 seconds 
  Import took 0.017878 seconds .

========================================================================
Received Import Request.
  Time since last request: 45.146216 seconds.
  path: Assets/Materials/LowPolyFencePack
  artifactKey: Guid(4676b307259bbc947b4975643cad8fe3) Importer(815301076,1909f56bfc062723c751e8b465ee728b)
Start importing Assets/Materials/LowPolyFencePack using Guid(4676b307259bbc947b4975643cad8fe3) Importer(815301076,1909f56bfc062723c751e8b465ee728b)  -> (artifact id: '558a7bdd97caec8333313cd6e864e8e7') in 0.004962 seconds 
  Import took 0.007805 seconds .

========================================================================
Received Import Request.
  Time since last request: 1.134873 seconds.
  path: Assets/Materials/LowPolyFencePack/Materials
  artifactKey: Guid(12376baf0562e694b9d8a1be4b41840e) Importer(815301076,1909f56bfc062723c751e8b465ee728b)
Start importing Assets/Materials/LowPolyFencePack/Materials using Guid(12376baf0562e694b9d8a1be4b41840e) Importer(815301076,1909f56bfc062723c751e8b465ee728b)  -> (artifact id: '5859271b0d4bdaf6839055a9b71a4536') in 0.005455 seconds 
  Import took 0.008290 seconds .

========================================================================
Received Import Request.
  Time since last request: 22.906344 seconds.
  path: Assets/Materials
  artifactKey: Guid(99bf76e8d1442a243a25b191433eb12c) Importer(815301076,1909f56bfc062723c751e8b465ee728b)
Start importing Assets/Materials using Guid(99bf76e8d1442a243a25b191433eb12c) Importer(815301076,1909f56bfc062723c751e8b465ee728b)  -> (artifact id: '9329f3cf54dbffc06713a689d812b273') in 0.002793 seconds 
  Import took 0.005670 seconds .

========================================================================
Received Prepare
Registering precompiled user dll's ...
Registered in 0.001716 seconds.
Begin MonoManager ReloadAssembly
Native extension for WindowsStandalone target not found
Refreshing native plugins compatible for Editor in 0.35 ms, found 2 plugins.
Preloading 0 native plugins for Editor in 0.00 ms.
Mono: successfully reloaded assembly
- Completed reload, in  0.960 seconds
Domain Reload Profiling:
	ReloadAssembly (960ms)
		BeginReloadAssembly (100ms)
			ExecutionOrderSort (0ms)
			DisableScriptedObjects (5ms)
			BackupInstance (0ms)
			ReleaseScriptingObjects (0ms)
			CreateAndSetChildDomain (29ms)
		EndReloadAssembly (800ms)
			LoadAssemblies (78ms)
			RebuildTransferFunctionScriptingTraits (0ms)
			SetupTypeCache (249ms)
			ReleaseScriptCaches (1ms)
			RebuildScriptCaches (44ms)
			SetupLoadedEditorAssemblies (299ms)
				LogAssemblyErrors (0ms)
				InitializePlatformSupportModulesInManaged (5ms)
				SetLoadedEditorAssemblies (1ms)
				RefreshPlugins (0ms)
				BeforeProcessingInitializeOnLoad (80ms)
				ProcessInitializeOnLoadAttributes (199ms)
				ProcessInitializeOnLoadMethodAttributes (10ms)
				AfterProcessingInitializeOnLoad (4ms)
				EditorAssembliesLoaded (0ms)
			ExecutionOrderSort2 (0ms)
			AwakeInstancesAfterBackupRestoration (7ms)
Platform modules already initialized, skipping
Switching build target platform(19) subTarget(0) extendedPlatform(0) -> platform(13) subTarget(537395200) extendedPlatform(0)
Refreshing native plugins compatible for Editor in 0.33 ms, found 2 plugins.
Preloading 0 native plugins for Editor in 0.00 ms.
Unloading 1504 Unused Serialized files (Serialized files now loaded: 0)
System memory in use before: 85.9 MB.
System memory in use after: 86.0 MB.

Unloading 11 unused Assets to reduce memory usage. Loaded Objects now: 2003.
Total: 2.530900 ms (FindLiveObjects: 0.125200 ms CreateObjectMapping: 0.042100 ms MarkObjects: 2.349800 ms  DeleteObjects: 0.012900 ms)

AssetImportParameters requested are different than current active one (requested -> active):
  custom:framework-win-MediaFoundation: 216162199b28c13a410421893ffa2e32 -> 
  custom:video-decoder-ogg-theora: a1e56fd34408186e4bbccfd4996cb3dc -> 
  custom:container-muxer-webm: aa71ff27fc2769a1b78a27578f13a17b -> 
  custom:container-demuxer-webm: 4f35f7cbe854078d1ac9338744f61a02 -> 
  custom:container-demuxer-ogg: 62fdf1f143b41e24485cea50d1cbac27 -> 
  custom:video-encoder-webm-vp8: eb34c28f22e8b96e1ab97ce403110664 -> 
  custom:video-decoder-webm-vp8: 9c59270c3fd7afecdb556c50c9e8de78 -> 
  custom:graphics/normal-map-encoding: 01000000000000000000000000000000 -> 02000000000000000000000000000000
  custom:audio-decoder-ogg-vorbis: bf7c407c2cedff20999df2af8eb42d56 -> 
  custom:audio-encoder-webm-vorbis: bf7c407c2cedff20999df2af8eb42d56 -> 
========================================================================
Received Import Request.
  Time since last request: 17.577636 seconds.
  path: Assets/Materials/PlayerSkin
  artifactKey: Guid(eceeb8a52b1ce06438a6a07082c4e542) Importer(815301076,1909f56bfc062723c751e8b465ee728b)
Start importing Assets/Materials/PlayerSkin using Guid(eceeb8a52b1ce06438a6a07082c4e542) Importer(815301076,1909f56bfc062723c751e8b465ee728b)  -> (artifact id: 'ed92e1a6806aa788034a95d82b1c58eb') in 0.006379 seconds 
  Import took 0.009449 seconds .

========================================================================
Received Import Request.
  Time since last request: 10.805025 seconds.
  path: Assets/Materials/PlayerSkin/Skin.mat
  artifactKey: Guid(0cbfb9b684ee50349b1db3aa3bf4b0b4) Importer(815301076,1909f56bfc062723c751e8b465ee728b)
Start importing Assets/Materials/PlayerSkin/Skin.mat using Guid(0cbfb9b684ee50349b1db3aa3bf4b0b4) Importer(815301076,1909f56bfc062723c751e8b465ee728b)  -> (artifact id: '1be91e9f69088a6a9bf46f5456870078') in 0.064140 seconds 
  Import took 0.067441 seconds .

========================================================================
Received Prepare
Registering precompiled user dll's ...
Registered in 0.001690 seconds.
Begin MonoManager ReloadAssembly
Native extension for WindowsStandalone target not found
Refreshing native plugins compatible for Editor in 0.35 ms, found 2 plugins.
Preloading 0 native plugins for Editor in 0.00 ms.
Mono: successfully reloaded assembly
- Completed reload, in  0.990 seconds
Domain Reload Profiling:
	ReloadAssembly (990ms)
		BeginReloadAssembly (104ms)
			ExecutionOrderSort (0ms)
			DisableScriptedObjects (4ms)
			BackupInstance (0ms)
			ReleaseScriptingObjects (0ms)
			CreateAndSetChildDomain (31ms)
		EndReloadAssembly (828ms)
			LoadAssemblies (76ms)
			RebuildTransferFunctionScriptingTraits (0ms)
			SetupTypeCache (264ms)
			ReleaseScriptCaches (1ms)
			RebuildScriptCaches (48ms)
			SetupLoadedEditorAssemblies (300ms)
				LogAssemblyErrors (0ms)
				InitializePlatformSupportModulesInManaged (5ms)
				SetLoadedEditorAssemblies (1ms)
				RefreshPlugins (0ms)
				BeforeProcessingInitializeOnLoad (79ms)
				ProcessInitializeOnLoadAttributes (201ms)
				ProcessInitializeOnLoadMethodAttributes (10ms)
				AfterProcessingInitializeOnLoad (4ms)
				EditorAssembliesLoaded (0ms)
			ExecutionOrderSort2 (0ms)
			AwakeInstancesAfterBackupRestoration (7ms)
Platform modules already initialized, skipping
Switching build target platform(19) subTarget(0) extendedPlatform(0) -> platform(13) subTarget(537395200) extendedPlatform(0)
Refreshing native plugins compatible for Editor in 0.34 ms, found 2 plugins.
Preloading 0 native plugins for Editor in 0.00 ms.
Unloading 1504 Unused Serialized files (Serialized files now loaded: 0)
System memory in use before: 85.9 MB.
System memory in use after: 86.0 MB.

Unloading 11 unused Assets to reduce memory usage. Loaded Objects now: 2006.
Total: 2.415700 ms (FindLiveObjects: 0.125400 ms CreateObjectMapping: 0.045300 ms MarkObjects: 2.231500 ms  DeleteObjects: 0.012700 ms)

AssetImportParameters requested are different than current active one (requested -> active):
  custom:framework-win-MediaFoundation: 216162199b28c13a410421893ffa2e32 -> 
  custom:video-decoder-ogg-theora: a1e56fd34408186e4bbccfd4996cb3dc -> 
  custom:container-muxer-webm: aa71ff27fc2769a1b78a27578f13a17b -> 
  custom:container-demuxer-webm: 4f35f7cbe854078d1ac9338744f61a02 -> 
  custom:container-demuxer-ogg: 62fdf1f143b41e24485cea50d1cbac27 -> 
  custom:video-encoder-webm-vp8: eb34c28f22e8b96e1ab97ce403110664 -> 
  custom:video-decoder-webm-vp8: 9c59270c3fd7afecdb556c50c9e8de78 -> 
  custom:graphics/normal-map-encoding: 01000000000000000000000000000000 -> 02000000000000000000000000000000
  custom:audio-decoder-ogg-vorbis: bf7c407c2cedff20999df2af8eb42d56 -> 
  custom:audio-encoder-webm-vorbis: bf7c407c2cedff20999df2af8eb42d56 -> 
========================================================================
Received Import Request.
  Time since last request: 1197.907622 seconds.
  path: Assets/Materials/LowPolyTreePack/Materials/Mat_BirchTree.mat
  artifactKey: Guid(e85d88f441c91ca4c898a36c492940dc) Importer(815301076,1909f56bfc062723c751e8b465ee728b)
Start importing Assets/Materials/LowPolyTreePack/Materials/Mat_BirchTree.mat using Guid(e85d88f441c91ca4c898a36c492940dc) Importer(815301076,1909f56bfc062723c751e8b465ee728b)  -> (artifact id: '68c9678bc81f181973f598af2ca7592e') in 0.079170 seconds 
  Import took 0.083148 seconds .

AssetImportWorkerClient::OnTransportError - code=2 error=End of file
